<?xml version="1.0" encoding="UTF-8"?>
<testsuite name="com.gachaman.service.TaskServiceChargeTest" tests="13" skipped="0" failures="0" errors="0" timestamp="2026-08-08T11:31:38" hostname="MSI" time="0.023">
  <properties/>
  <testcase name="compactorFinalKillClampsAndCompletes" classname="com.gachaman.service.TaskServiceChargeTest" time="0.008"/>
  <testcase name="compactorSkippedCountPaysNothing" classname="com.gachaman.service.TaskServiceChargeTest" time="0.001"/>
  <testcase name="secondChargeSameTaskBlocked" classname="com.gachaman.service.TaskServiceChargeTest" time="0.001"/>
  <testcase name="compactorDoublesKillCount" classname="com.gachaman.service.TaskServiceChargeTest" time="0.002"/>
  <testcase name="voucherConsumedInsteadOfGc" classname="com.gachaman.service.TaskServiceChargeTest" time="0.0"/>
  <testcase name="voucherWorksAtZeroGc" classname="com.gachaman.service.TaskServiceChargeTest" time="0.002"/>
  <testcase name="lootOracleVerdict" classname="com.gachaman.service.TaskServiceChargeTest" time="0.001"/>
  <testcase name="plainKillCountsOne" classname="com.gachaman.service.TaskServiceChargeTest" time="0.001"/>
  <testcase name="noActiveTaskDoesNotConsumeVoucher" classname="com.gachaman.service.TaskServiceChargeTest" time="0.002"/>
  <testcase name="wrongTypeVoucherNotUsed" classname="com.gachaman.service.TaskServiceChargeTest" time="0.001"/>
  <testcase name="kcAdvanceRules" classname="com.gachaman.service.TaskServiceChargeTest" time="0.002"/>
  <testcase name="gcSpentWhenNoVoucher" classname="com.gachaman.service.TaskServiceChargeTest" time="0.001"/>
  <testcase name="assistedPenaltyStandsDownOnSharedPartyContracts" classname="com.gachaman.service.TaskServiceChargeTest" time="0.001"/>
  <system-out><![CDATA[2026-08-08 14:31:38 AST [Test worker] INFO  c.gachaman.service.GachaStateService - Gachaman: fresh profile state created (cb 3)
2026-08-08 14:31:38 AST [Test worker] INFO  c.gachaman.service.GachaStateService - Gachaman: fresh profile state created (cb 3)
2026-08-08 14:31:38 AST [Test worker] INFO  c.gachaman.service.GachaStateService - Gachaman: fresh profile state created (cb 3)
2026-08-08 14:31:38 AST [Test worker] INFO  c.gachaman.service.GachaStateService - Gachaman: fresh profile state created (cb 3)
2026-08-08 14:31:38 AST [Test worker] INFO  c.gachaman.service.GachaStateService - Gachaman: fresh profile state created (cb 3)
2026-08-08 14:31:38 AST [Test worker] INFO  c.gachaman.service.GachaStateService - Gachaman: fresh profile state created (cb 3)
2026-08-08 14:31:38 AST [Test worker] INFO  c.gachaman.service.GachaStateService - Gachaman: fresh profile state created (cb 3)
2026-08-08 14:31:38 AST [Test worker] INFO  c.gachaman.service.GachaStateService - Gachaman: fresh profile state created (cb 3)
2026-08-08 14:31:38 AST [Test worker] INFO  c.gachaman.service.GachaStateService - Gachaman: fresh profile state created (cb 3)
2026-08-08 14:31:38 AST [Test worker] INFO  c.gachaman.service.GachaStateService - Gachaman: fresh profile state created (cb 3)
2026-08-08 14:31:38 AST [Test worker] INFO  c.gachaman.service.GachaStateService - Gachaman: fresh profile state created (cb 3)
2026-08-08 14:31:38 AST [Test worker] INFO  c.gachaman.service.GachaStateService - Gachaman: fresh profile state created (cb 3)
2026-08-08 14:31:38 AST [Test worker] INFO  c.gachaman.service.GachaStateService - Gachaman: fresh profile state created (cb 3)
]]></system-out>
  <system-err><![CDATA[]]></system-err>
</testsuite>
