<?xml version="1.0" encoding="UTF-8"?>
<testsuite name="com.gachaman.service.IronmanGearTest" tests="6" skipped="0" failures="0" errors="0" timestamp="2026-08-08T11:31:38" hostname="MSI" time="0.002">
  <properties/>
  <testcase name="everySetIsAHelmABodyAndLegsAndSetsNeverOverlap" classname="com.gachaman.service.IronmanGearTest" time="0.001"/>
  <testcase name="normalAccountsGetNoIdentityArmour" classname="com.gachaman.service.IronmanGearTest" time="0.0"/>
  <testcase name="anUnknownAccountTypeGrantsNothingRatherThanTheWrongSet" classname="com.gachaman.service.IronmanGearTest" time="0.0"/>
  <testcase name="eachAccountTypeMapsToItsOwnSet" classname="com.gachaman.service.IronmanGearTest" time="0.0"/>
  <testcase name="aMissingClientReadsAsNormal" classname="com.gachaman.service.IronmanGearTest" time="0.0"/>
  <testcase name="theDenylistCoversEverySetSoForeignCopiesCanBeRevoked" classname="com.gachaman.service.IronmanGearTest" time="0.0"/>
  <system-out><![CDATA[]]></system-out>
  <system-err><![CDATA[]]></system-err>
</testsuite>
