<?xml version="1.0" encoding="UTF-8"?>
<testsuite name="com.gachaman.service.EarlyGameMathTest" tests="8" skipped="0" failures="0" errors="0" timestamp="2026-08-08T11:31:38" hostname="MSI" time="0.156">
  <properties/>
  <testcase name="unshinyEligibleCardsNeverSparkle" classname="com.gachaman.service.EarlyGameMathTest" time="0.018"/>
  <testcase name="bestiaryMilestonesAreConsistent" classname="com.gachaman.service.EarlyGameMathTest" time="0.002"/>
  <testcase name="rustyRollsCommonOnly" classname="com.gachaman.service.EarlyGameMathTest" time="0.009"/>
  <testcase name="fragmentMapping" classname="com.gachaman.service.EarlyGameMathTest" time="0.001"/>
  <testcase name="comboMultiplierStacksAndClamps" classname="com.gachaman.service.EarlyGameMathTest" time="0.0"/>
  <testcase name="comboMaxBonusFadesToPermanentFloor" classname="com.gachaman.service.EarlyGameMathTest" time="0.005"/>
  <testcase name="blessedDoubleAttemptRoughlyDoublesShiny" classname="com.gachaman.service.EarlyGameMathTest" time="0.082"/>
  <testcase name="shinyNearMissBandsBehave" classname="com.gachaman.service.EarlyGameMathTest" time="0.038"/>
  <system-out><![CDATA[]]></system-out>
  <system-err><![CDATA[]]></system-err>
</testsuite>
