<?xml version="1.0" encoding="UTF-8"?>
<testsuite name="com.gachaman.service.StyleTrackerTest" tests="8" skipped="0" failures="0" errors="0" timestamp="2026-08-08T11:31:38" hostname="MSI" time="0.002">
  <properties/>
  <testcase name="normalResolutionUsesLookup" classname="com.gachaman.service.StyleTrackerTest" time="0.001"/>
  <testcase name="poweredStavesResolveMagicInEveryComMode" classname="com.gachaman.service.StyleTrackerTest" time="0.0"/>
  <testcase name="specialCasedCategoriesFallBackToMelee" classname="com.gachaman.service.StyleTrackerTest" time="0.0"/>
  <testcase name="onlyUnconfirmedStanceVerdictsArePardonable" classname="com.gachaman.service.StyleTrackerTest" time="0.001"/>
  <testcase name="pardonBlockedByWindowConfirmationAndUtilityCasts" classname="com.gachaman.service.StyleTrackerTest" time="0.0"/>
  <testcase name="autocastModeIsAlwaysMagic" classname="com.gachaman.service.StyleTrackerTest" time="0.0"/>
  <testcase name="unresolvableIsNullNeverGuessed" classname="com.gachaman.service.StyleTrackerTest" time="0.0"/>
  <testcase name="styleNamesMapCorrectly" classname="com.gachaman.service.StyleTrackerTest" time="0.0"/>
  <system-out><![CDATA[]]></system-out>
  <system-err><![CDATA[]]></system-err>
</testsuite>
