<?xml version="1.0" encoding="UTF-8"?>
<testsuite name="com.gachaman.data.RarityOverridesTest" tests="2" skipped="0" failures="0" errors="0" timestamp="2026-08-08T11:31:38" hostname="MSI" time="0.002">
  <properties/>
  <testcase name="auditLandmarksResolve" classname="com.gachaman.data.RarityOverridesTest" time="0.002"/>
  <testcase name="curatedOriginalsSurviveTheAuditMerge" classname="com.gachaman.data.RarityOverridesTest" time="0.0"/>
  <system-out><![CDATA[]]></system-out>
  <system-err><![CDATA[]]></system-err>
</testsuite>
