<?xml version="1.0" encoding="UTF-8"?>
<testsuite name="com.gachaman.service.ComplianceServiceTest" tests="3" skipped="0" failures="0" errors="0" timestamp="2026-08-08T11:31:38" hostname="MSI" time="0.022">
  <properties/>
  <testcase name="pardonOnlyLiftsTheMatchingConviction" classname="com.gachaman.service.ComplianceServiceTest" time="0.021"/>
  <testcase name="pardonOfACompliantOrUnknownTickIsANoOp" classname="com.gachaman.service.ComplianceServiceTest" time="0.0"/>
  <testcase name="pardonRefundsPenaltyAndClearsTaintWindow" classname="com.gachaman.service.ComplianceServiceTest" time="0.001"/>
  <system-out><![CDATA[2026-08-08 14:31:38 AST [Test worker] INFO  c.gachaman.service.GachaStateService - Gachaman: fresh profile state created (cb 3)
2026-08-08 14:31:38 AST [Test worker] INFO  c.gachaman.service.GachaStateService - Gachaman: fresh profile state created (cb 3)
2026-08-08 14:31:38 AST [Test worker] INFO  c.gachaman.service.GachaStateService - Gachaman: fresh profile state created (cb 3)
]]></system-out>
  <system-err><![CDATA[]]></system-err>
</testsuite>
