<?xml version="1.0" encoding="UTF-8"?>
<testsuite name="com.gachaman.service.UnequipServiceTest" tests="4" skipped="0" failures="0" errors="0" timestamp="2026-08-08T11:31:38" hostname="MSI" time="0.001">
  <properties/>
  <testcase name="armingDoesNotCountAsCompleting" classname="com.gachaman.service.UnequipServiceTest" time="0.001"/>
  <testcase name="logoutMidStripLeavesItIncomplete" classname="com.gachaman.service.UnequipServiceTest" time="0.0"/>
  <testcase name="freshServiceIsIdleAndIncomplete" classname="com.gachaman.service.UnequipServiceTest" time="0.0"/>
  <testcase name="tickOnAnUnarmedServiceNeitherWorksNorCompletes" classname="com.gachaman.service.UnequipServiceTest" time="0.0"/>
  <system-out><![CDATA[]]></system-out>
  <system-err><![CDATA[]]></system-err>
</testsuite>
