<?xml version="1.0" encoding="UTF-8"?>
<testsuite name="com.gachaman.service.TaskGeneratorTest" tests="7" skipped="0" failures="0" errors="0" timestamp="2026-08-08T11:31:38" hostname="MSI" time="0.237">
  <properties/>
  <testcase name="taintAddsRedemptionOffer" classname="com.gachaman.service.TaskGeneratorTest" time="0.004"/>
  <testcase name="noMonsterAppearsTwiceInOneRoll" classname="com.gachaman.service.TaskGeneratorTest" time="0.21"/>
  <testcase name="insanePaysMoreThanEasy" classname="com.gachaman.service.TaskGeneratorTest" time="0.0"/>
  <testcase name="sameSeedProducesIdenticalOffers" classname="com.gachaman.service.TaskGeneratorTest" time="0.0"/>
  <testcase name="f2pWorldsNeverGetMembersMonsters" classname="com.gachaman.service.TaskGeneratorTest" time="0.007"/>
  <testcase name="slayerGatingFiltersUnreachableMonsters" classname="com.gachaman.service.TaskGeneratorTest" time="0.011"/>
  <testcase name="everyCombatLevelGetsValidOffers" classname="com.gachaman.service.TaskGeneratorTest" time="0.005"/>
  <system-out><![CDATA[]]></system-out>
  <system-err><![CDATA[]]></system-err>
</testsuite>
